<?xml version="1.0" encoding="UTF-8"?>
<!-- Generated by org.testng.reporters.JUnitXMLReporter -->
<testsuite ignored="0" hostname="Satya" failures="2" tests="6" name="FlightPage Test" time="462.386" errors="0" timestamp="2024-03-08T15:57:27 IST">
  <testcase classname="Satya.FrameworkDesign.FlightPageTest" name="nofilter" time="106.15"/>
  <testcase classname="Satya.FrameworkDesign.FlightPageTest" name="nonstopfilter" time="52.096"/>
  <testcase classname="Satya.FrameworkDesign.FlightPageTest" name="onestopfilter" time="50.937"/>
  <testcase classname="Satya.FrameworkDesign.FlightPageTest" name="selectFlightwithoutFilter" time="66.21">
    <failure type="org.openqa.selenium.ElementClickInterceptedException" message="element click intercepted: Element &amp;lt;span class=&amp;quot;appendLeft5 customArrow arrowDown&amp;quot;&amp;gt;&amp;lt;/span&amp;gt; is not clickable at point (1301, 614). Other element would receive the click: &amp;lt;button id=&amp;quot;bookbutton-RKEY:9ad206f5-4abd-4d8f-8f5f-7f90b4e84f38:0_0~~~RKEY:9ad206f5-4abd-4d8f-8f5f-7f90b4e84f38:36_0&amp;quot; class=&amp;quot;splitFooterButton button buttonPrimary buttonBig appendBottom8 &amp;quot;&amp;gt;...&amp;lt;/button&amp;gt;
  (Session info: chrome=122.0.6261.112)
Build info: version: &amp;apos;4.17.0&amp;apos;, revision: &amp;apos;e52b1be057*&amp;apos;
System info: os.name: &amp;apos;Windows 11&amp;apos;, os.arch: &amp;apos;amd64&amp;apos;, os.version: &amp;apos;10.0&amp;apos;, java.version: &amp;apos;21.0.2&amp;apos;
Driver info: org.openqa.selenium.chrome.ChromeDriver
Command: [77090bd15cc44fbd13402f7252f5b555, clickElement {id=f.4B94F9FC6DFF191D5618C23D1BCB3959.d.4D08801DAEA64D02080AD10C6165AA1C.e.521}]
Capabilities {acceptInsecureCerts: false, browserName: chrome, browserVersion: 122.0.6261.112, chrome: {chromedriverVersion: 122.0.6261.94 (880dbf29479c..., userDataDir: C:\Users\kushs\AppData\Loca...}, fedcm:accounts: true, goog:chromeOptions: {debuggerAddress: localhost:65221}, networkConnectionEnabled: false, pageLoadStrategy: normal, platformName: windows, proxy: Proxy(), se:cdp: ws://localhost:65221/devtoo..., se:cdpVersion: 122.0.6261.112, setWindowRect: true, strictFileInteractability: false, timeouts: {implicit: 0, pageLoad: 300000, script: 30000}, unhandledPromptBehavior: dismiss and notify, webauthn:extension:credBlob: true, webauthn:extension:largeBlob: true, webauthn:extension:minPinLength: true, webauthn:extension:prf: true, webauthn:virtualAuthenticators: true}
Element: [[ChromeDriver: chrome on windows (77090bd15cc44fbd13402f7252f5b555)] -&amp;gt; css selector: .listingCard .arrowDown]
Session ID: 77090bd15cc44fbd13402f7252f5b555">
      <![CDATA[org.openqa.selenium.ElementClickInterceptedException: element click intercepted: Element <span class="appendLeft5 customArrow arrowDown"></span> is not clickable at point (1301, 614). Other element would receive the click: <button id="bookbutton-RKEY:9ad206f5-4abd-4d8f-8f5f-7f90b4e84f38:0_0~~~RKEY:9ad206f5-4abd-4d8f-8f5f-7f90b4e84f38:36_0" class="splitFooterButton button buttonPrimary buttonBig appendBottom8 ">...</button>
  (Session info: chrome=122.0.6261.112)
Build info: version: '4.17.0', revision: 'e52b1be057*'
System info: os.name: 'Windows 11', os.arch: 'amd64', os.version: '10.0', java.version: '21.0.2'
Driver info: org.openqa.selenium.chrome.ChromeDriver
Command: [77090bd15cc44fbd13402f7252f5b555, clickElement {id=f.4B94F9FC6DFF191D5618C23D1BCB3959.d.4D08801DAEA64D02080AD10C6165AA1C.e.521}]
Capabilities {acceptInsecureCerts: false, browserName: chrome, browserVersion: 122.0.6261.112, chrome: {chromedriverVersion: 122.0.6261.94 (880dbf29479c..., userDataDir: C:\Users\kushs\AppData\Loca...}, fedcm:accounts: true, goog:chromeOptions: {debuggerAddress: localhost:65221}, networkConnectionEnabled: false, pageLoadStrategy: normal, platformName: windows, proxy: Proxy(), se:cdp: ws://localhost:65221/devtoo..., se:cdpVersion: 122.0.6261.112, setWindowRect: true, strictFileInteractability: false, timeouts: {implicit: 0, pageLoad: 300000, script: 30000}, unhandledPromptBehavior: dismiss and notify, webauthn:extension:credBlob: true, webauthn:extension:largeBlob: true, webauthn:extension:minPinLength: true, webauthn:extension:prf: true, webauthn:virtualAuthenticators: true}
Element: [[ChromeDriver: chrome on windows (77090bd15cc44fbd13402f7252f5b555)] -> css selector: .listingCard .arrowDown]
Session ID: 77090bd15cc44fbd13402f7252f5b555
at org.openqa.selenium.remote.codec.w3c.W3CHttpResponseCodec.createException(W3CHttpResponseCodec.java:185)
at org.openqa.selenium.remote.codec.w3c.W3CHttpResponseCodec.decode(W3CHttpResponseCodec.java:134)
at org.openqa.selenium.remote.codec.w3c.W3CHttpResponseCodec.decode(W3CHttpResponseCodec.java:51)
at org.openqa.selenium.remote.HttpCommandExecutor.execute(HttpCommandExecutor.java:190)
at org.openqa.selenium.remote.service.DriverCommandExecutor.invokeExecute(DriverCommandExecutor.java:216)
at org.openqa.selenium.remote.service.DriverCommandExecutor.execute(DriverCommandExecutor.java:174)
at org.openqa.selenium.remote.RemoteWebDriver.execute(RemoteWebDriver.java:519)
at org.openqa.selenium.remote.RemoteWebElement.execute(RemoteWebElement.java:223)
at org.openqa.selenium.remote.RemoteWebElement.click(RemoteWebElement.java:76)
at Satya.pageobjects.FlightPage.checkGroup(FlightPage.java:93)
at Satya.FrameworkDesign.FlightPageTest.selectFlightwithoutFilter(FlightPageTest.java:91)
at java.base/java.util.ArrayList.forEach(ArrayList.java:1596)
at java.base/java.util.concurrent.FutureTask.run(FutureTask.java:317)
at java.base/java.util.concurrent.ThreadPoolExecutor.runWorker(ThreadPoolExecutor.java:1144)
at java.base/java.util.concurrent.ThreadPoolExecutor$Worker.run(ThreadPoolExecutor.java:642)
at java.base/java.lang.Thread.run(Thread.java:1583)
... Removed 18 stack frames]]>
    </failure>
  </testcase> <!-- selectFlightwithoutFilter -->
  <testcase classname="Satya.FrameworkDesign.FlightPageTest" name="selectFlightwithoutFilter" time="102.475"/>
  <testcase classname="Satya.FrameworkDesign.FlightPageTest" name="selectFlightwithoutFilter" time="65.747">
    <failure type="org.openqa.selenium.ElementClickInterceptedException" message="element click intercepted: Element &amp;lt;span class=&amp;quot;appendLeft5 customArrow arrowDown&amp;quot;&amp;gt;&amp;lt;/span&amp;gt; is not clickable at point (1301, 614). Other element would receive the click: &amp;lt;button id=&amp;quot;bookbutton-RKEY:a290f401-3d7e-4d1e-86f9-5ba9442da757:0_0~~~RKEY:a290f401-3d7e-4d1e-86f9-5ba9442da757:36_0&amp;quot; class=&amp;quot;splitFooterButton button buttonPrimary buttonBig appendBottom8 &amp;quot;&amp;gt;...&amp;lt;/button&amp;gt;
  (Session info: chrome=122.0.6261.112)
Build info: version: &amp;apos;4.17.0&amp;apos;, revision: &amp;apos;e52b1be057*&amp;apos;
System info: os.name: &amp;apos;Windows 11&amp;apos;, os.arch: &amp;apos;amd64&amp;apos;, os.version: &amp;apos;10.0&amp;apos;, java.version: &amp;apos;21.0.2&amp;apos;
Driver info: org.openqa.selenium.chrome.ChromeDriver
Command: [46dd6759fbd917237d3f90288f1466b7, clickElement {id=f.7DE6362EAB4E8577E004013867DE6F57.d.AA713214FD77A8A2F960B3F860B53B74.e.539}]
Capabilities {acceptInsecureCerts: false, browserName: chrome, browserVersion: 122.0.6261.112, chrome: {chromedriverVersion: 122.0.6261.94 (880dbf29479c..., userDataDir: C:\Users\kushs\AppData\Loca...}, fedcm:accounts: true, goog:chromeOptions: {debuggerAddress: localhost:49548}, networkConnectionEnabled: false, pageLoadStrategy: normal, platformName: windows, proxy: Proxy(), se:cdp: ws://localhost:49548/devtoo..., se:cdpVersion: 122.0.6261.112, setWindowRect: true, strictFileInteractability: false, timeouts: {implicit: 0, pageLoad: 300000, script: 30000}, unhandledPromptBehavior: dismiss and notify, webauthn:extension:credBlob: true, webauthn:extension:largeBlob: true, webauthn:extension:minPinLength: true, webauthn:extension:prf: true, webauthn:virtualAuthenticators: true}
Element: [[ChromeDriver: chrome on windows (46dd6759fbd917237d3f90288f1466b7)] -&amp;gt; css selector: .listingCard .arrowDown]
Session ID: 46dd6759fbd917237d3f90288f1466b7">
      <![CDATA[org.openqa.selenium.ElementClickInterceptedException: element click intercepted: Element <span class="appendLeft5 customArrow arrowDown"></span> is not clickable at point (1301, 614). Other element would receive the click: <button id="bookbutton-RKEY:a290f401-3d7e-4d1e-86f9-5ba9442da757:0_0~~~RKEY:a290f401-3d7e-4d1e-86f9-5ba9442da757:36_0" class="splitFooterButton button buttonPrimary buttonBig appendBottom8 ">...</button>
  (Session info: chrome=122.0.6261.112)
Build info: version: '4.17.0', revision: 'e52b1be057*'
System info: os.name: 'Windows 11', os.arch: 'amd64', os.version: '10.0', java.version: '21.0.2'
Driver info: org.openqa.selenium.chrome.ChromeDriver
Command: [46dd6759fbd917237d3f90288f1466b7, clickElement {id=f.7DE6362EAB4E8577E004013867DE6F57.d.AA713214FD77A8A2F960B3F860B53B74.e.539}]
Capabilities {acceptInsecureCerts: false, browserName: chrome, browserVersion: 122.0.6261.112, chrome: {chromedriverVersion: 122.0.6261.94 (880dbf29479c..., userDataDir: C:\Users\kushs\AppData\Loca...}, fedcm:accounts: true, goog:chromeOptions: {debuggerAddress: localhost:49548}, networkConnectionEnabled: false, pageLoadStrategy: normal, platformName: windows, proxy: Proxy(), se:cdp: ws://localhost:49548/devtoo..., se:cdpVersion: 122.0.6261.112, setWindowRect: true, strictFileInteractability: false, timeouts: {implicit: 0, pageLoad: 300000, script: 30000}, unhandledPromptBehavior: dismiss and notify, webauthn:extension:credBlob: true, webauthn:extension:largeBlob: true, webauthn:extension:minPinLength: true, webauthn:extension:prf: true, webauthn:virtualAuthenticators: true}
Element: [[ChromeDriver: chrome on windows (46dd6759fbd917237d3f90288f1466b7)] -> css selector: .listingCard .arrowDown]
Session ID: 46dd6759fbd917237d3f90288f1466b7
at org.openqa.selenium.remote.codec.w3c.W3CHttpResponseCodec.createException(W3CHttpResponseCodec.java:185)
at org.openqa.selenium.remote.codec.w3c.W3CHttpResponseCodec.decode(W3CHttpResponseCodec.java:134)
at org.openqa.selenium.remote.codec.w3c.W3CHttpResponseCodec.decode(W3CHttpResponseCodec.java:51)
at org.openqa.selenium.remote.HttpCommandExecutor.execute(HttpCommandExecutor.java:190)
at org.openqa.selenium.remote.service.DriverCommandExecutor.invokeExecute(DriverCommandExecutor.java:216)
at org.openqa.selenium.remote.service.DriverCommandExecutor.execute(DriverCommandExecutor.java:174)
at org.openqa.selenium.remote.RemoteWebDriver.execute(RemoteWebDriver.java:519)
at org.openqa.selenium.remote.RemoteWebElement.execute(RemoteWebElement.java:223)
at org.openqa.selenium.remote.RemoteWebElement.click(RemoteWebElement.java:76)
at Satya.pageobjects.FlightPage.checkGroup(FlightPage.java:93)
at Satya.FrameworkDesign.FlightPageTest.selectFlightwithoutFilter(FlightPageTest.java:91)
at java.base/java.util.ArrayList.forEach(ArrayList.java:1596)
at java.base/java.util.concurrent.FutureTask.run(FutureTask.java:317)
at java.base/java.util.concurrent.ThreadPoolExecutor.runWorker(ThreadPoolExecutor.java:1144)
at java.base/java.util.concurrent.ThreadPoolExecutor$Worker.run(ThreadPoolExecutor.java:642)
at java.base/java.lang.Thread.run(Thread.java:1583)
... Removed 18 stack frames]]>
    </failure>
  </testcase> <!-- selectFlightwithoutFilter -->
</testsuite> <!-- FlightPage Test -->
