<?xml version="1.0" encoding="UTF-8"?>
<testng-results ignored="0" total="9" passed="7" failed="2" skipped="0">
  <reporter-output>
  </reporter-output>
  <suite started-at="2024-03-08T15:49:44 IST" name="Suite" finished-at="2024-03-08T15:57:27 IST" duration-ms="462386">
    <groups>
    </groups>
    <test started-at="2024-03-08T15:49:44 IST" name="HomePage Test" finished-at="2024-03-08T15:50:22 IST" duration-ms="37607">
      <class name="Satya.FrameworkDesign.HomePageTest">
        <test-method is-config="true" signature="launchApplication()[pri:0, instance:Satya.FrameworkDesign.HomePageTest@69ee81fc]" started-at="2024-03-08T15:49:44 IST" name="launchApplication" finished-at="2024-03-08T15:49:49 IST" duration-ms="4196" status="PASS">
          <reporter-output>
          </reporter-output>
        </test-method> <!-- launchApplication -->
        <test-method signature="flightSearch()[pri:1, instance:Satya.FrameworkDesign.HomePageTest@69ee81fc]" started-at="2024-03-08T15:49:49 IST" name="flightSearch" finished-at="2024-03-08T15:50:09 IST" duration-ms="20488" status="PASS">
          <reporter-output>
          </reporter-output>
        </test-method> <!-- flightSearch -->
        <test-method is-config="true" signature="close()[pri:0, instance:Satya.FrameworkDesign.HomePageTest@69ee81fc]" started-at="2024-03-08T15:50:09 IST" name="close" finished-at="2024-03-08T15:50:09 IST" duration-ms="110" status="PASS">
          <reporter-output>
          </reporter-output>
        </test-method> <!-- close -->
        <test-method is-config="true" signature="launchApplication()[pri:0, instance:Satya.FrameworkDesign.HomePageTest@69ee81fc]" started-at="2024-03-08T15:50:09 IST" name="launchApplication" finished-at="2024-03-08T15:50:12 IST" duration-ms="2896" status="PASS">
          <reporter-output>
          </reporter-output>
        </test-method> <!-- launchApplication -->
        <test-method signature="HotelSearch()[pri:2, instance:Satya.FrameworkDesign.HomePageTest@69ee81fc]" started-at="2024-03-08T15:50:12 IST" name="HotelSearch" finished-at="2024-03-08T15:50:14 IST" duration-ms="2012" status="PASS">
          <reporter-output>
          </reporter-output>
        </test-method> <!-- HotelSearch -->
        <test-method is-config="true" signature="close()[pri:0, instance:Satya.FrameworkDesign.HomePageTest@69ee81fc]" started-at="2024-03-08T15:50:14 IST" name="close" finished-at="2024-03-08T15:50:14 IST" duration-ms="109" status="PASS">
          <reporter-output>
          </reporter-output>
        </test-method> <!-- close -->
        <test-method is-config="true" signature="launchApplication()[pri:0, instance:Satya.FrameworkDesign.HomePageTest@69ee81fc]" started-at="2024-03-08T15:50:14 IST" name="launchApplication" finished-at="2024-03-08T15:50:18 IST" duration-ms="3210" status="PASS">
          <reporter-output>
          </reporter-output>
        </test-method> <!-- launchApplication -->
        <test-method signature="selectTrip()[pri:3, instance:Satya.FrameworkDesign.HomePageTest@69ee81fc]" started-at="2024-03-08T15:50:18 IST" name="selectTrip" finished-at="2024-03-08T15:50:22 IST" duration-ms="4400" status="PASS">
          <reporter-output>
          </reporter-output>
        </test-method> <!-- selectTrip -->
        <test-method is-config="true" signature="close()[pri:0, instance:Satya.FrameworkDesign.HomePageTest@69ee81fc]" started-at="2024-03-08T15:50:22 IST" name="close" finished-at="2024-03-08T15:50:22 IST" duration-ms="132" status="PASS">
          <reporter-output>
          </reporter-output>
        </test-method> <!-- close -->
      </class> <!-- Satya.FrameworkDesign.HomePageTest -->
    </test> <!-- HomePage Test -->
    <test started-at="2024-03-08T15:49:44 IST" name="FlightPage Test" finished-at="2024-03-08T15:57:27 IST" duration-ms="462386">
      <class name="Satya.FrameworkDesign.FlightPageTest">
        <test-method is-config="true" signature="launchApplication()[pri:0, instance:Satya.FrameworkDesign.FlightPageTest@6b0d80ed]" started-at="2024-03-08T15:49:44 IST" name="launchApplication" finished-at="2024-03-08T15:49:49 IST" duration-ms="4072" status="PASS">
          <reporter-output>
          </reporter-output>
        </test-method> <!-- launchApplication -->
        <test-method signature="nofilter()[pri:1, instance:Satya.FrameworkDesign.FlightPageTest@6b0d80ed]" started-at="2024-03-08T15:49:49 IST" name="nofilter" finished-at="2024-03-08T15:51:35 IST" duration-ms="106150" status="PASS">
          <reporter-output>
          </reporter-output>
        </test-method> <!-- nofilter -->
        <test-method is-config="true" signature="close()[pri:0, instance:Satya.FrameworkDesign.FlightPageTest@6b0d80ed]" started-at="2024-03-08T15:51:35 IST" name="close" finished-at="2024-03-08T15:51:35 IST" duration-ms="148" status="PASS">
          <reporter-output>
          </reporter-output>
        </test-method> <!-- close -->
        <test-method is-config="true" signature="launchApplication()[pri:0, instance:Satya.FrameworkDesign.FlightPageTest@6b0d80ed]" started-at="2024-03-08T15:51:35 IST" name="launchApplication" finished-at="2024-03-08T15:51:39 IST" duration-ms="3676" status="PASS">
          <reporter-output>
          </reporter-output>
        </test-method> <!-- launchApplication -->
        <test-method signature="nonstopfilter()[pri:2, instance:Satya.FrameworkDesign.FlightPageTest@6b0d80ed]" started-at="2024-03-08T15:51:39 IST" name="nonstopfilter" finished-at="2024-03-08T15:52:31 IST" duration-ms="52096" status="PASS">
          <reporter-output>
          </reporter-output>
        </test-method> <!-- nonstopfilter -->
        <test-method is-config="true" signature="close()[pri:0, instance:Satya.FrameworkDesign.FlightPageTest@6b0d80ed]" started-at="2024-03-08T15:52:31 IST" name="close" finished-at="2024-03-08T15:52:31 IST" duration-ms="150" status="PASS">
          <reporter-output>
          </reporter-output>
        </test-method> <!-- close -->
        <test-method is-config="true" signature="launchApplication()[pri:0, instance:Satya.FrameworkDesign.FlightPageTest@6b0d80ed]" started-at="2024-03-08T15:52:31 IST" name="launchApplication" finished-at="2024-03-08T15:52:33 IST" duration-ms="2416" status="PASS">
          <reporter-output>
          </reporter-output>
        </test-method> <!-- launchApplication -->
        <test-method signature="onestopfilter()[pri:3, instance:Satya.FrameworkDesign.FlightPageTest@6b0d80ed]" started-at="2024-03-08T15:52:33 IST" name="onestopfilter" finished-at="2024-03-08T15:53:24 IST" duration-ms="50937" status="PASS">
          <reporter-output>
          </reporter-output>
        </test-method> <!-- onestopfilter -->
        <test-method is-config="true" signature="close()[pri:0, instance:Satya.FrameworkDesign.FlightPageTest@6b0d80ed]" started-at="2024-03-08T15:53:24 IST" name="close" finished-at="2024-03-08T15:53:24 IST" duration-ms="139" status="PASS">
          <reporter-output>
          </reporter-output>
        </test-method> <!-- close -->
        <test-method is-config="true" signature="launchApplication()[pri:0, instance:Satya.FrameworkDesign.FlightPageTest@6b0d80ed]" started-at="2024-03-08T15:53:24 IST" name="launchApplication" finished-at="2024-03-08T15:53:27 IST" duration-ms="2632" status="PASS">
          <reporter-output>
          </reporter-output>
        </test-method> <!-- launchApplication -->
        <test-method signature="selectFlightwithoutFilter(int,int)[pri:4, instance:Satya.FrameworkDesign.FlightPageTest@6b0d80ed]" started-at="2024-03-08T15:53:27 IST" name="selectFlightwithoutFilter" data-provider="getData" finished-at="2024-03-08T15:54:33 IST" duration-ms="66210" status="FAIL">
          <params>
            <param index="0">
              <value>
                <![CDATA[5]]>
              </value>
            </param>
            <param index="1">
              <value>
                <![CDATA[3]]>
              </value>
            </param>
          </params>
          <exception class="org.openqa.selenium.ElementClickInterceptedException">
            <message>
              <![CDATA[element click intercepted: Element <span class="appendLeft5 customArrow arrowDown"></span> is not clickable at point (1301, 614). Other element would receive the click: <button id="bookbutton-RKEY:9ad206f5-4abd-4d8f-8f5f-7f90b4e84f38:0_0~~~RKEY:9ad206f5-4abd-4d8f-8f5f-7f90b4e84f38:36_0" class="splitFooterButton button buttonPrimary buttonBig appendBottom8 ">...</button>
  (Session info: chrome=122.0.6261.112)
Build info: version: '4.17.0', revision: 'e52b1be057*'
System info: os.name: 'Windows 11', os.arch: 'amd64', os.version: '10.0', java.version: '21.0.2'
Driver info: org.openqa.selenium.chrome.ChromeDriver
Command: [77090bd15cc44fbd13402f7252f5b555, clickElement {id=f.4B94F9FC6DFF191D5618C23D1BCB3959.d.4D08801DAEA64D02080AD10C6165AA1C.e.521}]
Capabilities {acceptInsecureCerts: false, browserName: chrome, browserVersion: 122.0.6261.112, chrome: {chromedriverVersion: 122.0.6261.94 (880dbf29479c..., userDataDir: C:\Users\kushs\AppData\Loca...}, fedcm:accounts: true, goog:chromeOptions: {debuggerAddress: localhost:65221}, networkConnectionEnabled: false, pageLoadStrategy: normal, platformName: windows, proxy: Proxy(), se:cdp: ws://localhost:65221/devtoo..., se:cdpVersion: 122.0.6261.112, setWindowRect: true, strictFileInteractability: false, timeouts: {implicit: 0, pageLoad: 300000, script: 30000}, unhandledPromptBehavior: dismiss and notify, webauthn:extension:credBlob: true, webauthn:extension:largeBlob: true, webauthn:extension:minPinLength: true, webauthn:extension:prf: true, webauthn:virtualAuthenticators: true}
Element: [[ChromeDriver: chrome on windows (77090bd15cc44fbd13402f7252f5b555)] -> css selector: .listingCard .arrowDown]
Session ID: 77090bd15cc44fbd13402f7252f5b555]]>
            </message>
            <full-stacktrace>
              <![CDATA[org.openqa.selenium.ElementClickInterceptedException: element click intercepted: Element <span class="appendLeft5 customArrow arrowDown"></span> is not clickable at point (1301, 614). Other element would receive the click: <button id="bookbutton-RKEY:9ad206f5-4abd-4d8f-8f5f-7f90b4e84f38:0_0~~~RKEY:9ad206f5-4abd-4d8f-8f5f-7f90b4e84f38:36_0" class="splitFooterButton button buttonPrimary buttonBig appendBottom8 ">...</button>
  (Session info: chrome=122.0.6261.112)
Build info: version: '4.17.0', revision: 'e52b1be057*'
System info: os.name: 'Windows 11', os.arch: 'amd64', os.version: '10.0', java.version: '21.0.2'
Driver info: org.openqa.selenium.chrome.ChromeDriver
Command: [77090bd15cc44fbd13402f7252f5b555, clickElement {id=f.4B94F9FC6DFF191D5618C23D1BCB3959.d.4D08801DAEA64D02080AD10C6165AA1C.e.521}]
Capabilities {acceptInsecureCerts: false, browserName: chrome, browserVersion: 122.0.6261.112, chrome: {chromedriverVersion: 122.0.6261.94 (880dbf29479c..., userDataDir: C:\Users\kushs\AppData\Loca...}, fedcm:accounts: true, goog:chromeOptions: {debuggerAddress: localhost:65221}, networkConnectionEnabled: false, pageLoadStrategy: normal, platformName: windows, proxy: Proxy(), se:cdp: ws://localhost:65221/devtoo..., se:cdpVersion: 122.0.6261.112, setWindowRect: true, strictFileInteractability: false, timeouts: {implicit: 0, pageLoad: 300000, script: 30000}, unhandledPromptBehavior: dismiss and notify, webauthn:extension:credBlob: true, webauthn:extension:largeBlob: true, webauthn:extension:minPinLength: true, webauthn:extension:prf: true, webauthn:virtualAuthenticators: true}
Element: [[ChromeDriver: chrome on windows (77090bd15cc44fbd13402f7252f5b555)] -> css selector: .listingCard .arrowDown]
Session ID: 77090bd15cc44fbd13402f7252f5b555
at java.base/jdk.internal.reflect.DirectConstructorHandleAccessor.newInstance(DirectConstructorHandleAccessor.java:62)
at java.base/java.lang.reflect.Constructor.newInstanceWithCaller(Constructor.java:502)
at java.base/java.lang.reflect.Constructor.newInstance(Constructor.java:486)
at org.openqa.selenium.remote.codec.w3c.W3CHttpResponseCodec.createException(W3CHttpResponseCodec.java:185)
at org.openqa.selenium.remote.codec.w3c.W3CHttpResponseCodec.decode(W3CHttpResponseCodec.java:134)
at org.openqa.selenium.remote.codec.w3c.W3CHttpResponseCodec.decode(W3CHttpResponseCodec.java:51)
at org.openqa.selenium.remote.HttpCommandExecutor.execute(HttpCommandExecutor.java:190)
at org.openqa.selenium.remote.service.DriverCommandExecutor.invokeExecute(DriverCommandExecutor.java:216)
at org.openqa.selenium.remote.service.DriverCommandExecutor.execute(DriverCommandExecutor.java:174)
at org.openqa.selenium.remote.RemoteWebDriver.execute(RemoteWebDriver.java:519)
at org.openqa.selenium.remote.RemoteWebElement.execute(RemoteWebElement.java:223)
at org.openqa.selenium.remote.RemoteWebElement.click(RemoteWebElement.java:76)
at Satya.pageobjects.FlightPage.checkGroup(FlightPage.java:93)
at Satya.FrameworkDesign.FlightPageTest.selectFlightwithoutFilter(FlightPageTest.java:91)
at java.base/jdk.internal.reflect.DirectMethodHandleAccessor.invoke(DirectMethodHandleAccessor.java:103)
at java.base/java.lang.reflect.Method.invoke(Method.java:580)
at org.testng.internal.invokers.MethodInvocationHelper.invokeMethod(MethodInvocationHelper.java:139)
at org.testng.internal.invokers.TestInvoker.invokeMethod(TestInvoker.java:664)
at org.testng.internal.invokers.TestInvoker.invokeTestMethod(TestInvoker.java:228)
at org.testng.internal.invokers.MethodRunner.runInSequence(MethodRunner.java:63)
at org.testng.internal.invokers.TestInvoker$MethodInvocationAgent.invoke(TestInvoker.java:961)
at org.testng.internal.invokers.TestInvoker.invokeTestMethods(TestInvoker.java:201)
at org.testng.internal.invokers.TestMethodWorker.invokeTestMethods(TestMethodWorker.java:148)
at org.testng.internal.invokers.TestMethodWorker.run(TestMethodWorker.java:128)
at java.base/java.util.ArrayList.forEach(ArrayList.java:1596)
at org.testng.TestRunner.privateRun(TestRunner.java:819)
at org.testng.TestRunner.run(TestRunner.java:619)
at org.testng.SuiteRunner.runTest(SuiteRunner.java:443)
at org.testng.SuiteRunner$SuiteWorker.run(SuiteRunner.java:481)
at org.testng.internal.thread.ThreadUtil.lambda$execute$0(ThreadUtil.java:58)
at java.base/java.util.concurrent.FutureTask.run(FutureTask.java:317)
at java.base/java.util.concurrent.ThreadPoolExecutor.runWorker(ThreadPoolExecutor.java:1144)
at java.base/java.util.concurrent.ThreadPoolExecutor$Worker.run(ThreadPoolExecutor.java:642)
at java.base/java.lang.Thread.run(Thread.java:1583)
]]>
            </full-stacktrace>
          </exception> <!-- org.openqa.selenium.ElementClickInterceptedException -->
          <reporter-output>
          </reporter-output>
        </test-method> <!-- selectFlightwithoutFilter -->
        <test-method is-config="true" signature="close()[pri:0, instance:Satya.FrameworkDesign.FlightPageTest@6b0d80ed]" started-at="2024-03-08T15:54:33 IST" name="close" finished-at="2024-03-08T15:54:33 IST" duration-ms="178" status="PASS">
          <reporter-output>
          </reporter-output>
        </test-method> <!-- close -->
        <test-method is-config="true" signature="launchApplication()[pri:0, instance:Satya.FrameworkDesign.FlightPageTest@6b0d80ed]" started-at="2024-03-08T15:54:33 IST" name="launchApplication" finished-at="2024-03-08T15:54:36 IST" duration-ms="2340" status="PASS">
          <reporter-output>
          </reporter-output>
        </test-method> <!-- launchApplication -->
        <test-method signature="selectFlightwithoutFilter(int,int)[pri:4, instance:Satya.FrameworkDesign.FlightPageTest@6b0d80ed]" started-at="2024-03-08T15:54:36 IST" name="selectFlightwithoutFilter" data-provider="getData" finished-at="2024-03-08T15:56:18 IST" duration-ms="102475" status="PASS">
          <params>
            <param index="0">
              <value>
                <![CDATA[10]]>
              </value>
            </param>
            <param index="1">
              <value>
                <![CDATA[9]]>
              </value>
            </param>
          </params>
          <reporter-output>
          </reporter-output>
        </test-method> <!-- selectFlightwithoutFilter -->
        <test-method is-config="true" signature="close()[pri:0, instance:Satya.FrameworkDesign.FlightPageTest@6b0d80ed]" started-at="2024-03-08T15:56:18 IST" name="close" finished-at="2024-03-08T15:56:18 IST" duration-ms="148" status="PASS">
          <reporter-output>
          </reporter-output>
        </test-method> <!-- close -->
        <test-method is-config="true" signature="launchApplication()[pri:0, instance:Satya.FrameworkDesign.FlightPageTest@6b0d80ed]" started-at="2024-03-08T15:56:18 IST" name="launchApplication" finished-at="2024-03-08T15:56:21 IST" duration-ms="2657" status="PASS">
          <reporter-output>
          </reporter-output>
        </test-method> <!-- launchApplication -->
        <test-method signature="selectFlightwithoutFilter(int,int)[pri:4, instance:Satya.FrameworkDesign.FlightPageTest@6b0d80ed]" started-at="2024-03-08T15:56:21 IST" name="selectFlightwithoutFilter" data-provider="getData" finished-at="2024-03-08T15:57:27 IST" duration-ms="65747" status="FAIL">
          <params>
            <param index="0">
              <value>
                <![CDATA[12]]>
              </value>
            </param>
            <param index="1">
              <value>
                <![CDATA[11]]>
              </value>
            </param>
          </params>
          <exception class="org.openqa.selenium.ElementClickInterceptedException">
            <message>
              <![CDATA[element click intercepted: Element <span class="appendLeft5 customArrow arrowDown"></span> is not clickable at point (1301, 614). Other element would receive the click: <button id="bookbutton-RKEY:a290f401-3d7e-4d1e-86f9-5ba9442da757:0_0~~~RKEY:a290f401-3d7e-4d1e-86f9-5ba9442da757:36_0" class="splitFooterButton button buttonPrimary buttonBig appendBottom8 ">...</button>
  (Session info: chrome=122.0.6261.112)
Build info: version: '4.17.0', revision: 'e52b1be057*'
System info: os.name: 'Windows 11', os.arch: 'amd64', os.version: '10.0', java.version: '21.0.2'
Driver info: org.openqa.selenium.chrome.ChromeDriver
Command: [46dd6759fbd917237d3f90288f1466b7, clickElement {id=f.7DE6362EAB4E8577E004013867DE6F57.d.AA713214FD77A8A2F960B3F860B53B74.e.539}]
Capabilities {acceptInsecureCerts: false, browserName: chrome, browserVersion: 122.0.6261.112, chrome: {chromedriverVersion: 122.0.6261.94 (880dbf29479c..., userDataDir: C:\Users\kushs\AppData\Loca...}, fedcm:accounts: true, goog:chromeOptions: {debuggerAddress: localhost:49548}, networkConnectionEnabled: false, pageLoadStrategy: normal, platformName: windows, proxy: Proxy(), se:cdp: ws://localhost:49548/devtoo..., se:cdpVersion: 122.0.6261.112, setWindowRect: true, strictFileInteractability: false, timeouts: {implicit: 0, pageLoad: 300000, script: 30000}, unhandledPromptBehavior: dismiss and notify, webauthn:extension:credBlob: true, webauthn:extension:largeBlob: true, webauthn:extension:minPinLength: true, webauthn:extension:prf: true, webauthn:virtualAuthenticators: true}
Element: [[ChromeDriver: chrome on windows (46dd6759fbd917237d3f90288f1466b7)] -> css selector: .listingCard .arrowDown]
Session ID: 46dd6759fbd917237d3f90288f1466b7]]>
            </message>
            <full-stacktrace>
              <![CDATA[org.openqa.selenium.ElementClickInterceptedException: element click intercepted: Element <span class="appendLeft5 customArrow arrowDown"></span> is not clickable at point (1301, 614). Other element would receive the click: <button id="bookbutton-RKEY:a290f401-3d7e-4d1e-86f9-5ba9442da757:0_0~~~RKEY:a290f401-3d7e-4d1e-86f9-5ba9442da757:36_0" class="splitFooterButton button buttonPrimary buttonBig appendBottom8 ">...</button>
  (Session info: chrome=122.0.6261.112)
Build info: version: '4.17.0', revision: 'e52b1be057*'
System info: os.name: 'Windows 11', os.arch: 'amd64', os.version: '10.0', java.version: '21.0.2'
Driver info: org.openqa.selenium.chrome.ChromeDriver
Command: [46dd6759fbd917237d3f90288f1466b7, clickElement {id=f.7DE6362EAB4E8577E004013867DE6F57.d.AA713214FD77A8A2F960B3F860B53B74.e.539}]
Capabilities {acceptInsecureCerts: false, browserName: chrome, browserVersion: 122.0.6261.112, chrome: {chromedriverVersion: 122.0.6261.94 (880dbf29479c..., userDataDir: C:\Users\kushs\AppData\Loca...}, fedcm:accounts: true, goog:chromeOptions: {debuggerAddress: localhost:49548}, networkConnectionEnabled: false, pageLoadStrategy: normal, platformName: windows, proxy: Proxy(), se:cdp: ws://localhost:49548/devtoo..., se:cdpVersion: 122.0.6261.112, setWindowRect: true, strictFileInteractability: false, timeouts: {implicit: 0, pageLoad: 300000, script: 30000}, unhandledPromptBehavior: dismiss and notify, webauthn:extension:credBlob: true, webauthn:extension:largeBlob: true, webauthn:extension:minPinLength: true, webauthn:extension:prf: true, webauthn:virtualAuthenticators: true}
Element: [[ChromeDriver: chrome on windows (46dd6759fbd917237d3f90288f1466b7)] -> css selector: .listingCard .arrowDown]
Session ID: 46dd6759fbd917237d3f90288f1466b7
at java.base/jdk.internal.reflect.DirectConstructorHandleAccessor.newInstance(DirectConstructorHandleAccessor.java:62)
at java.base/java.lang.reflect.Constructor.newInstanceWithCaller(Constructor.java:502)
at java.base/java.lang.reflect.Constructor.newInstance(Constructor.java:486)
at org.openqa.selenium.remote.codec.w3c.W3CHttpResponseCodec.createException(W3CHttpResponseCodec.java:185)
at org.openqa.selenium.remote.codec.w3c.W3CHttpResponseCodec.decode(W3CHttpResponseCodec.java:134)
at org.openqa.selenium.remote.codec.w3c.W3CHttpResponseCodec.decode(W3CHttpResponseCodec.java:51)
at org.openqa.selenium.remote.HttpCommandExecutor.execute(HttpCommandExecutor.java:190)
at org.openqa.selenium.remote.service.DriverCommandExecutor.invokeExecute(DriverCommandExecutor.java:216)
at org.openqa.selenium.remote.service.DriverCommandExecutor.execute(DriverCommandExecutor.java:174)
at org.openqa.selenium.remote.RemoteWebDriver.execute(RemoteWebDriver.java:519)
at org.openqa.selenium.remote.RemoteWebElement.execute(RemoteWebElement.java:223)
at org.openqa.selenium.remote.RemoteWebElement.click(RemoteWebElement.java:76)
at Satya.pageobjects.FlightPage.checkGroup(FlightPage.java:93)
at Satya.FrameworkDesign.FlightPageTest.selectFlightwithoutFilter(FlightPageTest.java:91)
at java.base/jdk.internal.reflect.DirectMethodHandleAccessor.invoke(DirectMethodHandleAccessor.java:103)
at java.base/java.lang.reflect.Method.invoke(Method.java:580)
at org.testng.internal.invokers.MethodInvocationHelper.invokeMethod(MethodInvocationHelper.java:139)
at org.testng.internal.invokers.TestInvoker.invokeMethod(TestInvoker.java:664)
at org.testng.internal.invokers.TestInvoker.invokeTestMethod(TestInvoker.java:228)
at org.testng.internal.invokers.MethodRunner.runInSequence(MethodRunner.java:63)
at org.testng.internal.invokers.TestInvoker$MethodInvocationAgent.invoke(TestInvoker.java:961)
at org.testng.internal.invokers.TestInvoker.invokeTestMethods(TestInvoker.java:201)
at org.testng.internal.invokers.TestMethodWorker.invokeTestMethods(TestMethodWorker.java:148)
at org.testng.internal.invokers.TestMethodWorker.run(TestMethodWorker.java:128)
at java.base/java.util.ArrayList.forEach(ArrayList.java:1596)
at org.testng.TestRunner.privateRun(TestRunner.java:819)
at org.testng.TestRunner.run(TestRunner.java:619)
at org.testng.SuiteRunner.runTest(SuiteRunner.java:443)
at org.testng.SuiteRunner$SuiteWorker.run(SuiteRunner.java:481)
at org.testng.internal.thread.ThreadUtil.lambda$execute$0(ThreadUtil.java:58)
at java.base/java.util.concurrent.FutureTask.run(FutureTask.java:317)
at java.base/java.util.concurrent.ThreadPoolExecutor.runWorker(ThreadPoolExecutor.java:1144)
at java.base/java.util.concurrent.ThreadPoolExecutor$Worker.run(ThreadPoolExecutor.java:642)
at java.base/java.lang.Thread.run(Thread.java:1583)
]]>
            </full-stacktrace>
          </exception> <!-- org.openqa.selenium.ElementClickInterceptedException -->
          <reporter-output>
          </reporter-output>
        </test-method> <!-- selectFlightwithoutFilter -->
        <test-method is-config="true" signature="close()[pri:0, instance:Satya.FrameworkDesign.FlightPageTest@6b0d80ed]" started-at="2024-03-08T15:57:27 IST" name="close" finished-at="2024-03-08T15:57:27 IST" duration-ms="159" status="PASS">
          <reporter-output>
          </reporter-output>
        </test-method> <!-- close -->
      </class> <!-- Satya.FrameworkDesign.FlightPageTest -->
    </test> <!-- FlightPage Test -->
  </suite> <!-- Suite -->
</testng-results>
